<?xml version="1.0" encoding="UTF-8"?>
<!-- Generated by org.testng.reporters.JUnitXMLReporter -->
<testsuite ignored="0" hostname="DESKTOP-3NRNP42" failures="0" tests="42" name="Default test" time="3.865" errors="0" timestamp="2022-05-22T20:43:44 IST">
  <testcase classname="Tutorial.EndToEndFlowDemo" name="validateStatusCode" time="0.009"/>
  <testcase classname="Tutorial.EndToEndFlowDemo" name="validateStatusLine" time="0.001"/>
  <testcase classname="Tutorial.EndToEndFlowDemo" name="validateResponsePayLoadFirstName" time="0.757"/>
  <testcase classname="Tutorial.EndToEndFlowDemo" name="validateResponsePayLoadLastName" time="0.025"/>
  <testcase classname="Tutorial.EndToEndFlowDemo" name="validateResponsePayLoadAddressName" time="0.02"/>
  <testcase classname="Tutorial.EndToEndFlowDemo" name="validateResponsePayLoadJobName" time="0.029"/>
  <testcase classname="Tutorial.EndToEndFlowDemo" name="validateContentTypeHeader" time="0.001"/>
  <testcase classname="Tutorial.EndToEndFlowDemo" name="getIdFromResponsePayload" time="0.026"/>
  <testcase classname="Tutorial.EndToEndFlowDemo" name="validateStatusCodeusingget" time="0.093"/>
  <testcase classname="Tutorial.EndToEndFlowDemo" name="validateStatusLineUsingGet" time="0.001"/>
  <testcase classname="Tutorial.EndToEndFlowDemo" name="validateResponsePayLoadFirstNameget" time="0.022"/>
  <testcase classname="Tutorial.EndToEndFlowDemo" name="validateResponsePayLoadLastNameget" time="0.019"/>
  <testcase classname="Tutorial.EndToEndFlowDemo" name="validateResponsePayLoadAddressNameget" time="0.019"/>
  <testcase classname="Tutorial.EndToEndFlowDemo" name="validateResponsePayLoadJobNameget" time="0.016"/>
  <testcase classname="Tutorial.EndToEndFlowDemo" name="validateContentTypeHeaderget" time="0.001"/>
  <testcase classname="Tutorial.EndToEndFlowDemo" name="updateEntityUsingPutRequest" time="0.053"/>
  <testcase classname="Tutorial.EndToEndFlowDemo" name="validateStatusCodeusingPut" time="0.002"/>
  <testcase classname="Tutorial.EndToEndFlowDemo" name="validateStatusLineUsingPut" time="0.001"/>
  <testcase classname="Tutorial.EndToEndFlowDemo" name="validateResponsePayLoadFirstNamePut" time="0.024"/>
  <testcase classname="Tutorial.EndToEndFlowDemo" name="validateResponsePayLoadLastNamePut" time="0.016"/>
  <testcase classname="Tutorial.EndToEndFlowDemo" name="validateResponsePayLoadAddressNamePut" time="0.021"/>
  <testcase classname="Tutorial.EndToEndFlowDemo" name="validateResponsePayLoadJobNamePut" time="0.022"/>
  <testcase classname="Tutorial.EndToEndFlowDemo" name="validateContentTypeHeaderPut" time="0.001"/>
  <testcase classname="Tutorial.EndToEndFlowDemo" name="validateStatusCodeusingget1" time="0.04"/>
  <testcase classname="Tutorial.EndToEndFlowDemo" name="validateStatusLineUsingGet1" time="0.0"/>
  <testcase classname="Tutorial.EndToEndFlowDemo" name="validateResponsePayLoadFirstNameget1" time="0.019"/>
  <testcase classname="Tutorial.EndToEndFlowDemo" name="validateResponsePayLoadLastNameget1" time="0.025"/>
  <testcase classname="Tutorial.EndToEndFlowDemo" name="validateResponsePayLoadAddressNameget1" time="0.03"/>
  <testcase classname="Tutorial.EndToEndFlowDemo" name="validateResponsePayLoadJobNameget1" time="0.022"/>
  <testcase classname="Tutorial.EndToEndFlowDemo" name="validateContentTypeHeaderget1" time="0.0"/>
  <testcase classname="Tutorial.EndToEndFlowDemo" name="updateSpecificEntity" time="0.048"/>
  <testcase classname="Tutorial.EndToEndFlowDemo" name="validateStatusCodeusingPatch" time="0.0"/>
  <testcase classname="Tutorial.EndToEndFlowDemo" name="validateStatusLineUsingpatch" time="0.0"/>
  <testcase classname="Tutorial.EndToEndFlowDemo" name="validateResponsePayLoadFirstNamePatch" time="0.019"/>
  <testcase classname="Tutorial.EndToEndFlowDemo" name="validateResponsePayLoadLastNamePatch" time="0.017"/>
  <testcase classname="Tutorial.EndToEndFlowDemo" name="validateResponsePayLoadAddressNamePatch" time="0.016"/>
  <testcase classname="Tutorial.EndToEndFlowDemo" name="validateResponsePayLoadJobNamePatch" time="0.019"/>
  <testcase classname="Tutorial.EndToEndFlowDemo" name="deleteEntityFromServer" time="0.048"/>
  <testcase classname="Tutorial.EndToEndFlowDemo" name="validateResponseForDeleteReq" time="0.0"/>
  <testcase classname="Tutorial.EndToEndFlowDemo" name="validateStatusLineUsingDelete" time="0.001"/>
  <testcase classname="Tutorial.EndToEndFlowDemo" name="verifyEntityIsdeleteOrNotUsingStatusCode" time="0.042"/>
  <testcase classname="Tutorial.EndToEndFlowDemo" name="verifyEntityIsdeleteOrNotUsingStatusLine" time="0.001"/>
</testsuite> <!-- Default test -->
