<?xml version="1.0" encoding="UTF-8"?>
<testsuite xmlns:xsi="http://www.w3.org/2001/XMLSchema-instance" xsi:schemaLocation="https://maven.apache.org/surefire/maven-surefire-plugin/xsd/surefire-test-report.xsd" name="TestSuite" time="4.278" tests="12" errors="0" skipped="0" failures="0">
  <properties>
[...]
</properties>
  <testcase name="validatePOSTReqStatusCode" classname="com.TestLayer.EndToEndPIMPageFlow" time="0.007"/>
  <testcase name="validatePOSTReqStatusLine" classname="com.TestLayer.EndToEndPIMPageFlow" time="0"/>
  <testcase name="validatePOSTReqContentHeader" classname="com.TestLayer.EndToEndPIMPageFlow" time="0"/>
  <testcase name="validatePOSTReqCaptureId" classname="com.TestLayer.EndToEndPIMPageFlow" time="0.74"/>
  <testcase name="getNewlyCreatedUser" classname="com.TestLayer.EndToEndPIMPageFlow" time="0.076"/>
  <testcase name="validateStatusLineForGet" classname="com.TestLayer.EndToEndPIMPageFlow" time="0"/>
  <testcase name="validateResponseBody" classname="com.TestLayer.EndToEndPIMPageFlow" time="0.001"/>
  <testcase name="validateContentTypeHeaderUsingGet" classname="com.TestLayer.EndToEndPIMPageFlow" time="0"/>
  <testcase name="updateWholeEntity" classname="com.TestLayer.EndToEndPIMPageFlow" time="0.024"/>
  <testcase name="validateBody" classname="com.TestLayer.EndToEndPIMPageFlow" time="0"/>
  <testcase name="validateContentTypeHeaderUsingPut" classname="com.TestLayer.EndToEndPIMPageFlow" time="0"/>
  <testcase name="validateUpdateEntity" classname="com.TestLayer.EndToEndPIMPageFlow" time="0.049"/>
</testsuite>