<?xml version="1.0" encoding="UTF-8"?>
<testng-results ignored="0" total="42" passed="42" failed="0" skipped="0">
  <reporter-output>
  </reporter-output>
  <suite started-at="2022-05-22T20:43:40 IST" name="Default suite" finished-at="2022-05-22T20:43:44 IST" duration-ms="3865">
    <groups>
    </groups>
    <test started-at="2022-05-22T20:43:40 IST" name="Default test" finished-at="2022-05-22T20:43:44 IST" duration-ms="3865">
      <class name="Tutorial.EndToEndFlowDemo">
        <test-method is-config="true" signature="setUp()[pri:0, instance:Tutorial.EndToEndFlowDemo@51c668e3]" started-at="2022-05-22T20:43:40 IST" name="setUp" finished-at="2022-05-22T20:43:42 IST" duration-ms="2223" status="PASS">
          <reporter-output>
          </reporter-output>
        </test-method> <!-- setUp -->
        <test-method signature="validateStatusCode()[pri:1, instance:Tutorial.EndToEndFlowDemo@51c668e3]" started-at="2022-05-22T20:43:42 IST" name="validateStatusCode" finished-at="2022-05-22T20:43:42 IST" duration-ms="9" status="PASS">
          <reporter-output>
          </reporter-output>
        </test-method> <!-- validateStatusCode -->
        <test-method signature="validateStatusLine()[pri:2, instance:Tutorial.EndToEndFlowDemo@51c668e3]" started-at="2022-05-22T20:43:42 IST" name="validateStatusLine" finished-at="2022-05-22T20:43:42 IST" duration-ms="1" status="PASS">
          <reporter-output>
          </reporter-output>
        </test-method> <!-- validateStatusLine -->
        <test-method signature="validateResponsePayLoadFirstName()[pri:3, instance:Tutorial.EndToEndFlowDemo@51c668e3]" started-at="2022-05-22T20:43:42 IST" name="validateResponsePayLoadFirstName" finished-at="2022-05-22T20:43:43 IST" duration-ms="757" status="PASS">
          <reporter-output>
          </reporter-output>
        </test-method> <!-- validateResponsePayLoadFirstName -->
        <test-method signature="validateResponsePayLoadLastName()[pri:4, instance:Tutorial.EndToEndFlowDemo@51c668e3]" started-at="2022-05-22T20:43:43 IST" name="validateResponsePayLoadLastName" finished-at="2022-05-22T20:43:43 IST" duration-ms="25" status="PASS">
          <reporter-output>
          </reporter-output>
        </test-method> <!-- validateResponsePayLoadLastName -->
        <test-method signature="validateResponsePayLoadAddressName()[pri:5, instance:Tutorial.EndToEndFlowDemo@51c668e3]" started-at="2022-05-22T20:43:43 IST" name="validateResponsePayLoadAddressName" finished-at="2022-05-22T20:43:43 IST" duration-ms="20" status="PASS">
          <reporter-output>
          </reporter-output>
        </test-method> <!-- validateResponsePayLoadAddressName -->
        <test-method signature="validateResponsePayLoadJobName()[pri:6, instance:Tutorial.EndToEndFlowDemo@51c668e3]" started-at="2022-05-22T20:43:43 IST" name="validateResponsePayLoadJobName" finished-at="2022-05-22T20:43:43 IST" duration-ms="29" status="PASS">
          <reporter-output>
          </reporter-output>
        </test-method> <!-- validateResponsePayLoadJobName -->
        <test-method signature="validateContentTypeHeader()[pri:7, instance:Tutorial.EndToEndFlowDemo@51c668e3]" started-at="2022-05-22T20:43:43 IST" name="validateContentTypeHeader" finished-at="2022-05-22T20:43:43 IST" duration-ms="1" status="PASS">
          <reporter-output>
          </reporter-output>
        </test-method> <!-- validateContentTypeHeader -->
        <test-method signature="getIdFromResponsePayload()[pri:8, instance:Tutorial.EndToEndFlowDemo@51c668e3]" started-at="2022-05-22T20:43:43 IST" name="getIdFromResponsePayload" finished-at="2022-05-22T20:43:43 IST" duration-ms="26" status="PASS">
          <reporter-output>
          </reporter-output>
        </test-method> <!-- getIdFromResponsePayload -->
        <test-method signature="validateStatusCodeusingget()[pri:9, instance:Tutorial.EndToEndFlowDemo@51c668e3]" started-at="2022-05-22T20:43:43 IST" name="validateStatusCodeusingget" finished-at="2022-05-22T20:43:43 IST" duration-ms="93" status="PASS">
          <reporter-output>
          </reporter-output>
        </test-method> <!-- validateStatusCodeusingget -->
        <test-method signature="validateStatusLineUsingGet()[pri:10, instance:Tutorial.EndToEndFlowDemo@51c668e3]" started-at="2022-05-22T20:43:43 IST" name="validateStatusLineUsingGet" finished-at="2022-05-22T20:43:43 IST" duration-ms="1" status="PASS">
          <reporter-output>
          </reporter-output>
        </test-method> <!-- validateStatusLineUsingGet -->
        <test-method signature="validateResponsePayLoadFirstNameget()[pri:11, instance:Tutorial.EndToEndFlowDemo@51c668e3]" started-at="2022-05-22T20:43:43 IST" name="validateResponsePayLoadFirstNameget" finished-at="2022-05-22T20:43:43 IST" duration-ms="22" status="PASS">
          <reporter-output>
          </reporter-output>
        </test-method> <!-- validateResponsePayLoadFirstNameget -->
        <test-method signature="validateResponsePayLoadLastNameget()[pri:12, instance:Tutorial.EndToEndFlowDemo@51c668e3]" started-at="2022-05-22T20:43:43 IST" name="validateResponsePayLoadLastNameget" finished-at="2022-05-22T20:43:43 IST" duration-ms="19" status="PASS">
          <reporter-output>
          </reporter-output>
        </test-method> <!-- validateResponsePayLoadLastNameget -->
        <test-method signature="validateResponsePayLoadAddressNameget()[pri:13, instance:Tutorial.EndToEndFlowDemo@51c668e3]" started-at="2022-05-22T20:43:43 IST" name="validateResponsePayLoadAddressNameget" finished-at="2022-05-22T20:43:43 IST" duration-ms="19" status="PASS">
          <reporter-output>
          </reporter-output>
        </test-method> <!-- validateResponsePayLoadAddressNameget -->
        <test-method signature="validateResponsePayLoadJobNameget()[pri:14, instance:Tutorial.EndToEndFlowDemo@51c668e3]" started-at="2022-05-22T20:43:43 IST" name="validateResponsePayLoadJobNameget" finished-at="2022-05-22T20:43:43 IST" duration-ms="16" status="PASS">
          <reporter-output>
          </reporter-output>
        </test-method> <!-- validateResponsePayLoadJobNameget -->
        <test-method signature="validateContentTypeHeaderget()[pri:15, instance:Tutorial.EndToEndFlowDemo@51c668e3]" started-at="2022-05-22T20:43:43 IST" name="validateContentTypeHeaderget" finished-at="2022-05-22T20:43:43 IST" duration-ms="1" status="PASS">
          <reporter-output>
          </reporter-output>
        </test-method> <!-- validateContentTypeHeaderget -->
        <test-method signature="updateEntityUsingPutRequest()[pri:16, instance:Tutorial.EndToEndFlowDemo@51c668e3]" started-at="2022-05-22T20:43:43 IST" name="updateEntityUsingPutRequest" finished-at="2022-05-22T20:43:43 IST" duration-ms="53" status="PASS">
          <reporter-output>
          </reporter-output>
        </test-method> <!-- updateEntityUsingPutRequest -->
        <test-method signature="validateStatusCodeusingPut()[pri:17, instance:Tutorial.EndToEndFlowDemo@51c668e3]" started-at="2022-05-22T20:43:43 IST" name="validateStatusCodeusingPut" finished-at="2022-05-22T20:43:43 IST" duration-ms="2" status="PASS">
          <reporter-output>
          </reporter-output>
        </test-method> <!-- validateStatusCodeusingPut -->
        <test-method signature="validateStatusLineUsingPut()[pri:18, instance:Tutorial.EndToEndFlowDemo@51c668e3]" started-at="2022-05-22T20:43:43 IST" name="validateStatusLineUsingPut" finished-at="2022-05-22T20:43:43 IST" duration-ms="1" status="PASS">
          <reporter-output>
          </reporter-output>
        </test-method> <!-- validateStatusLineUsingPut -->
        <test-method signature="validateResponsePayLoadFirstNamePut()[pri:19, instance:Tutorial.EndToEndFlowDemo@51c668e3]" started-at="2022-05-22T20:43:43 IST" name="validateResponsePayLoadFirstNamePut" finished-at="2022-05-22T20:43:43 IST" duration-ms="24" status="PASS">
          <reporter-output>
          </reporter-output>
        </test-method> <!-- validateResponsePayLoadFirstNamePut -->
        <test-method signature="validateResponsePayLoadLastNamePut()[pri:20, instance:Tutorial.EndToEndFlowDemo@51c668e3]" started-at="2022-05-22T20:43:43 IST" name="validateResponsePayLoadLastNamePut" finished-at="2022-05-22T20:43:43 IST" duration-ms="16" status="PASS">
          <reporter-output>
          </reporter-output>
        </test-method> <!-- validateResponsePayLoadLastNamePut -->
        <test-method signature="validateResponsePayLoadAddressNamePut()[pri:21, instance:Tutorial.EndToEndFlowDemo@51c668e3]" started-at="2022-05-22T20:43:44 IST" name="validateResponsePayLoadAddressNamePut" finished-at="2022-05-22T20:43:44 IST" duration-ms="21" status="PASS">
          <reporter-output>
          </reporter-output>
        </test-method> <!-- validateResponsePayLoadAddressNamePut -->
        <test-method signature="validateResponsePayLoadJobNamePut()[pri:22, instance:Tutorial.EndToEndFlowDemo@51c668e3]" started-at="2022-05-22T20:43:44 IST" name="validateResponsePayLoadJobNamePut" finished-at="2022-05-22T20:43:44 IST" duration-ms="22" status="PASS">
          <reporter-output>
          </reporter-output>
        </test-method> <!-- validateResponsePayLoadJobNamePut -->
        <test-method signature="validateContentTypeHeaderPut()[pri:23, instance:Tutorial.EndToEndFlowDemo@51c668e3]" started-at="2022-05-22T20:43:44 IST" name="validateContentTypeHeaderPut" finished-at="2022-05-22T20:43:44 IST" duration-ms="1" status="PASS">
          <reporter-output>
          </reporter-output>
        </test-method> <!-- validateContentTypeHeaderPut -->
        <test-method signature="validateStatusCodeusingget1()[pri:24, instance:Tutorial.EndToEndFlowDemo@51c668e3]" started-at="2022-05-22T20:43:44 IST" name="validateStatusCodeusingget1" finished-at="2022-05-22T20:43:44 IST" duration-ms="40" status="PASS">
          <reporter-output>
          </reporter-output>
        </test-method> <!-- validateStatusCodeusingget1 -->
        <test-method signature="validateStatusLineUsingGet1()[pri:25, instance:Tutorial.EndToEndFlowDemo@51c668e3]" started-at="2022-05-22T20:43:44 IST" name="validateStatusLineUsingGet1" finished-at="2022-05-22T20:43:44 IST" duration-ms="0" status="PASS">
          <reporter-output>
          </reporter-output>
        </test-method> <!-- validateStatusLineUsingGet1 -->
        <test-method signature="validateResponsePayLoadFirstNameget1()[pri:26, instance:Tutorial.EndToEndFlowDemo@51c668e3]" started-at="2022-05-22T20:43:44 IST" name="validateResponsePayLoadFirstNameget1" finished-at="2022-05-22T20:43:44 IST" duration-ms="19" status="PASS">
          <reporter-output>
          </reporter-output>
        </test-method> <!-- validateResponsePayLoadFirstNameget1 -->
        <test-method signature="validateResponsePayLoadLastNameget1()[pri:27, instance:Tutorial.EndToEndFlowDemo@51c668e3]" started-at="2022-05-22T20:43:44 IST" name="validateResponsePayLoadLastNameget1" finished-at="2022-05-22T20:43:44 IST" duration-ms="25" status="PASS">
          <reporter-output>
          </reporter-output>
        </test-method> <!-- validateResponsePayLoadLastNameget1 -->
        <test-method signature="validateResponsePayLoadAddressNameget1()[pri:28, instance:Tutorial.EndToEndFlowDemo@51c668e3]" started-at="2022-05-22T20:43:44 IST" name="validateResponsePayLoadAddressNameget1" finished-at="2022-05-22T20:43:44 IST" duration-ms="30" status="PASS">
          <reporter-output>
          </reporter-output>
        </test-method> <!-- validateResponsePayLoadAddressNameget1 -->
        <test-method signature="validateResponsePayLoadJobNameget1()[pri:29, instance:Tutorial.EndToEndFlowDemo@51c668e3]" started-at="2022-05-22T20:43:44 IST" name="validateResponsePayLoadJobNameget1" finished-at="2022-05-22T20:43:44 IST" duration-ms="22" status="PASS">
          <reporter-output>
          </reporter-output>
        </test-method> <!-- validateResponsePayLoadJobNameget1 -->
        <test-method signature="validateContentTypeHeaderget1()[pri:30, instance:Tutorial.EndToEndFlowDemo@51c668e3]" started-at="2022-05-22T20:43:44 IST" name="validateContentTypeHeaderget1" finished-at="2022-05-22T20:43:44 IST" duration-ms="0" status="PASS">
          <reporter-output>
          </reporter-output>
        </test-method> <!-- validateContentTypeHeaderget1 -->
        <test-method signature="updateSpecificEntity()[pri:31, instance:Tutorial.EndToEndFlowDemo@51c668e3]" started-at="2022-05-22T20:43:44 IST" name="updateSpecificEntity" finished-at="2022-05-22T20:43:44 IST" duration-ms="48" status="PASS">
          <reporter-output>
          </reporter-output>
        </test-method> <!-- updateSpecificEntity -->
        <test-method signature="validateStatusCodeusingPatch()[pri:32, instance:Tutorial.EndToEndFlowDemo@51c668e3]" started-at="2022-05-22T20:43:44 IST" name="validateStatusCodeusingPatch" finished-at="2022-05-22T20:43:44 IST" duration-ms="0" status="PASS">
          <reporter-output>
          </reporter-output>
        </test-method> <!-- validateStatusCodeusingPatch -->
        <test-method signature="validateStatusLineUsingpatch()[pri:33, instance:Tutorial.EndToEndFlowDemo@51c668e3]" started-at="2022-05-22T20:43:44 IST" name="validateStatusLineUsingpatch" finished-at="2022-05-22T20:43:44 IST" duration-ms="0" status="PASS">
          <reporter-output>
          </reporter-output>
        </test-method> <!-- validateStatusLineUsingpatch -->
        <test-method signature="validateResponsePayLoadFirstNamePatch()[pri:34, instance:Tutorial.EndToEndFlowDemo@51c668e3]" started-at="2022-05-22T20:43:44 IST" name="validateResponsePayLoadFirstNamePatch" finished-at="2022-05-22T20:43:44 IST" duration-ms="19" status="PASS">
          <reporter-output>
          </reporter-output>
        </test-method> <!-- validateResponsePayLoadFirstNamePatch -->
        <test-method signature="validateResponsePayLoadLastNamePatch()[pri:35, instance:Tutorial.EndToEndFlowDemo@51c668e3]" started-at="2022-05-22T20:43:44 IST" name="validateResponsePayLoadLastNamePatch" finished-at="2022-05-22T20:43:44 IST" duration-ms="17" status="PASS">
          <reporter-output>
          </reporter-output>
        </test-method> <!-- validateResponsePayLoadLastNamePatch -->
        <test-method signature="validateResponsePayLoadAddressNamePatch()[pri:36, instance:Tutorial.EndToEndFlowDemo@51c668e3]" started-at="2022-05-22T20:43:44 IST" name="validateResponsePayLoadAddressNamePatch" finished-at="2022-05-22T20:43:44 IST" duration-ms="16" status="PASS">
          <reporter-output>
          </reporter-output>
        </test-method> <!-- validateResponsePayLoadAddressNamePatch -->
        <test-method signature="validateResponsePayLoadJobNamePatch()[pri:37, instance:Tutorial.EndToEndFlowDemo@51c668e3]" started-at="2022-05-22T20:43:44 IST" name="validateResponsePayLoadJobNamePatch" finished-at="2022-05-22T20:43:44 IST" duration-ms="19" status="PASS">
          <reporter-output>
          </reporter-output>
        </test-method> <!-- validateResponsePayLoadJobNamePatch -->
        <test-method signature="deleteEntityFromServer()[pri:38, instance:Tutorial.EndToEndFlowDemo@51c668e3]" started-at="2022-05-22T20:43:44 IST" name="deleteEntityFromServer" finished-at="2022-05-22T20:43:44 IST" duration-ms="48" status="PASS">
          <reporter-output>
          </reporter-output>
        </test-method> <!-- deleteEntityFromServer -->
        <test-method signature="validateResponseForDeleteReq()[pri:39, instance:Tutorial.EndToEndFlowDemo@51c668e3]" started-at="2022-05-22T20:43:44 IST" name="validateResponseForDeleteReq" finished-at="2022-05-22T20:43:44 IST" duration-ms="0" status="PASS">
          <reporter-output>
          </reporter-output>
        </test-method> <!-- validateResponseForDeleteReq -->
        <test-method signature="validateStatusLineUsingDelete()[pri:40, instance:Tutorial.EndToEndFlowDemo@51c668e3]" started-at="2022-05-22T20:43:44 IST" name="validateStatusLineUsingDelete" finished-at="2022-05-22T20:43:44 IST" duration-ms="1" status="PASS">
          <reporter-output>
          </reporter-output>
        </test-method> <!-- validateStatusLineUsingDelete -->
        <test-method signature="verifyEntityIsdeleteOrNotUsingStatusCode()[pri:42, instance:Tutorial.EndToEndFlowDemo@51c668e3]" started-at="2022-05-22T20:43:44 IST" name="verifyEntityIsdeleteOrNotUsingStatusCode" finished-at="2022-05-22T20:43:44 IST" duration-ms="42" status="PASS">
          <reporter-output>
          </reporter-output>
        </test-method> <!-- verifyEntityIsdeleteOrNotUsingStatusCode -->
        <test-method signature="verifyEntityIsdeleteOrNotUsingStatusLine()[pri:43, instance:Tutorial.EndToEndFlowDemo@51c668e3]" started-at="2022-05-22T20:43:44 IST" name="verifyEntityIsdeleteOrNotUsingStatusLine" finished-at="2022-05-22T20:43:44 IST" duration-ms="1" status="PASS">
          <reporter-output>
          </reporter-output>
        </test-method> <!-- verifyEntityIsdeleteOrNotUsingStatusLine -->
      </class> <!-- Tutorial.EndToEndFlowDemo -->
    </test> <!-- Default test -->
  </suite> <!-- Default suite -->
</testng-results>
